[2026-01-01 20:22:45] WARN: POST /api/payment/manual | 400 | 200ms
[2026-01-01 20:23:04] ERROR: POST /api/bonus/festival | 500 | 47ms
[2026-01-01 20:23:15] ERROR: POST /api/bonus/performance | 500 | 57ms
[2026-01-01 20:23:52] ERROR: POST /api/bonus/performance | 500 | 83ms
[2026-01-01 20:27:59] ERROR: POST /api/bonus/performance | 500 | 349ms
[2026-01-01 20:29:55] ERROR: POST /api/bonus/performance | 500 | 40ms
[2026-01-01 20:33:13] ERROR: POST /api/bonus/performance | 500 | 424ms
[2026-01-01 20:33:44] ERROR: POST /api/bonus/performance | 500 | 353ms
[2026-01-02 09:22:16] ERROR: POST /api/bonus/festival | 500 | 322ms
[2026-01-02 09:22:40] ERROR: POST /api/bonus/performance | 500 | 86ms
[2026-01-02 09:24:19] INFO: POST /api/bonus/festival | 200 | 54ms
[2026-01-02 09:24:24] INFO: POST /api/bonus/performance | 200 | 43ms
[2026-01-02 09:25:26] INFO: POST /api/deduction/calculate | 200 | 83ms
[2026-01-02 09:25:30] ERROR: POST /api/deduction/calculate | 500 | 11ms
[2026-01-02 09:26:13] INFO: POST /api/fixed-amount/create | 201 | 13ms
[2026-01-02 09:26:16] ERROR: POST /api/fixed-amount/create | 500 | 5ms
[2026-01-02 09:26:24] INFO: GET /api/fixed-amount/getall | 200 | 9ms
[2026-01-02 09:26:31] WARN: GET /api/fixed-amount/tax | 404 | 5ms
[2026-01-02 09:26:35] INFO: GET /api/fixed-amount/pf | 200 | 5ms
[2026-01-02 09:26:45] INFO: PUT /api/fixed-amount/update/pf | 200 | 35ms
[2026-01-02 09:26:50] INFO: DELETE /api/fixed-amount/delete/pf | 200 | 21ms
[2026-01-02 09:26:57] INFO: POST /api/fixed-amount/create | 201 | 21ms
[2026-01-02 09:27:07] INFO: POST /api/notification/admin-summary | 200 | 4041ms
[2026-01-02 09:39:07] WARN: POST /api/payroll-run/run | 400 | 157ms
[2026-01-02 09:39:40] WARN: POST /api/payroll-run/run | 400 | 9ms
[2026-01-02 09:40:17] INFO: POST /api/payroll-run/run | 201 | 372ms
[2026-01-02 09:42:31] INFO: POST /api/bonus/performance | 200 | 187ms
[2026-01-02 09:43:59] INFO: POST /api/deduction/calculate | 200 | 43ms
[2026-01-02 09:45:24] INFO: POST /api/payroll-run/run | 201 | 224ms
[2026-01-02 09:47:19] INFO: POST /api/payroll-run/run | 201 | 403ms
[2026-01-02 09:48:54] WARN: POST /api/payroll-run/run | 400 | 219ms
[2026-01-02 09:49:08] WARN: POST /api/payroll-run/run | 400 | 8ms
[2026-01-02 09:49:23] INFO: POST /api/payroll-run/run | 201 | 245ms
[2026-01-02 09:53:59] INFO: POST /api/payroll-run/run | 201 | 172ms
[2026-01-02 09:55:22] INFO: POST /api/notification/admin-summary | 200 | 5280ms
[2026-01-02 09:55:31] INFO: POST /api/notification/admin-summary | 200 | 4403ms
[2026-01-02 09:58:56] ERROR: POST /api/notification/admin-summary | 500 | 163ms
[2026-01-02 09:59:10] INFO: POST /api/payroll-run/run | 201 | 294ms
[2026-01-02 09:59:25] WARN: POST /api/payroll-run/run | 400 | 4ms
[2026-01-02 10:00:03] INFO: POST /api/notification/admin-summary | 200 | 4167ms
[2026-01-02 10:07:25] INFO: POST /api/bonus/festival | 200 | 178ms
[2026-01-02 10:07:26] ERROR: POST /api/bonus/festival | 500 | 15ms
[2026-01-02 10:07:28] ERROR: POST /api/bonus/festival | 500 | 13ms
[2026-01-02 10:12:17] ERROR: POST /api/bonus/festival | 500 | 212ms
[2026-01-02 10:13:09] ERROR: POST /api/bonus/festival | 500 | 18ms
[2026-01-02 10:14:24] ERROR: POST /api/bonus/festival | 500 | 149ms
[2026-01-02 11:53:01] ERROR: POST /api/bonus/festival | 500 | 226ms
[2026-01-02 11:56:15] ERROR: HTTP_REQUEST
[2026-01-02 11:57:32] ERROR: POST /api/bonus/festival | 500 | 262ms
[2026-01-02 11:58:21] INFO: GET /api/payroll-run/filter | 200 | 37ms
[2026-01-02 11:58:40] INFO: GET /api/payroll-run/filter | 200 | 7ms
[2026-01-02 12:02:19] INFO: GET /api/payroll-run/filter | 200 | 192ms
[2026-01-02 12:06:03] INFO: GET /api/payroll-run/filter | 200 | 180ms
[2026-01-02 12:06:27] INFO: GET /api/payroll-run/filter | 200 | 212ms
[2026-01-02 12:07:10] INFO: GET /api/payroll-run/filter | 200 | 226ms
[2026-01-02 12:07:52] ERROR: API Error Unexpected end of JSON input
[2026-01-02 12:07:59] ERROR: API Error Unexpected end of JSON input
[2026-01-02 12:10:26] ERROR: API Error Unexpected end of JSON input
[2026-01-02 12:10:40] ERROR: API Error Unexpected end of JSON input
[2026-01-02 12:10:45] ERROR: API Error Unexpected end of JSON input
[2026-01-02 12:12:34] ERROR: API Error Unexpected end of JSON input
[2026-01-02 12:14:03] INFO: GET /api/payroll-run/filter?year=2025 | 200 | 225ms
[2026-01-02 12:14:14] INFO: GET /api/payroll-run/filter | 200 | 10ms
[2026-01-02 12:14:31] INFO: GET /api/payroll-run/filter?employeeId=%221%22 | 200 | 6ms
[2026-01-02 12:15:35] INFO: GET /api/payroll-run/filter?employeeId=%221%22 | 200 | 246ms
[2026-01-02 12:15:56] ERROR: GET /api/payroll-run/filter?employeeId=1 | 500 | 40ms
[2026-01-02 12:19:08] INFO: GET /api/payroll-run/filter?employeeId=%221%22 | 200 | 6ms
[2026-01-02 12:21:28] INFO: GET /api/payroll-run/filter?employeeId=%221%22 | 200 | 220ms
[2026-01-02 12:21:54] INFO: GET /api/payroll-run/filter?employeeId=%221%22 | 200 | 226ms
[2026-01-02 12:22:40] INFO: GET /api/payroll-run/filter?employeeId=%221%22 | 200 | 193ms
[2026-01-02 12:24:36] INFO: GET /api/payroll-run/filter?employeeId=1 | 200 | 16ms
[2026-01-02 12:24:48] INFO: GET /api/payroll-run/filter?year=2025 | 200 | 14ms
[2026-01-02 12:25:05] INFO: GET /api/payroll-run/filter?month=1 | 200 | 10ms
[2026-01-02 12:25:10] INFO: GET /api/payroll-run/filter?month=12 | 200 | 8ms
[2026-01-02 12:25:25] INFO: GET /api/payroll-run/filter | 200 | 7ms
[2026-01-02 12:25:50] INFO: GET /api/payroll-run/filter?employeeId=1&year=2025 | 200 | 12ms
[2026-01-02 12:25:54] INFO: GET /api/payroll-run/filter?employeeId=1&year=2026 | 200 | 7ms
[2026-01-02 12:25:58] INFO: GET /api/payroll-run/filter?employeeId=1&year=2022 | 200 | 9ms
[2026-01-02 12:26:01] INFO: GET /api/payroll-run/filter?employeeId=1&year=2025 | 200 | 7ms
[2026-01-02 12:26:10] INFO: GET /api/payroll-run/filter?employeeId=1&year=2025&month=12 | 200 | 7ms
[2026-01-02 12:26:12] INFO: GET /api/payroll-run/filter?employeeId=1&year=2025&month=1 | 200 | 6ms
[2026-01-02 12:26:16] INFO: GET /api/payroll-run/filter?employeeId=1&year=2025&month=12 | 200 | 5ms
[2026-01-02 12:26:56] INFO: GET /api/payroll-run/filter?employeeId=1&year=2025&month=12 | 200 | 232ms
[2026-01-02 12:27:12] INFO: GET /api/payroll-run/filter?employeeId=1&year=2025&month=12 | 200 | 170ms
[2026-01-02 12:52:26] INFO: POST /api/payroll-run/run | 201 | 600ms
[2026-01-02 12:53:49] WARN: POST /api/payroll-run/run | 400 | 10ms
[2026-01-02 12:59:54] INFO: POST /api/fixed-amount/create | 201 | 217ms
[2026-01-02 13:00:37] ERROR: POST /api/fixed-amount/create | 500 | 6ms
[2026-01-02 13:05:07] ERROR: POST /api/fixed-amount/create | 500 | 2ms
[2026-01-02 13:23:05] INFO: GET /api/fixed-amount/getall | 200 | 151ms
[2026-01-02 13:27:21] INFO: POST /api/fixed-amount/create | 201 | 29ms
[2026-01-02 13:27:30] INFO: GET /api/fixed-amount/getall | 200 | 21ms
[2026-01-02 13:33:12] INFO: GET /api/fixed-amount/tax | 200 | 254ms
[2026-01-02 13:33:15] WARN: GET /api/fixed-amount/ | 404 | 4ms
[2026-01-02 13:33:21] INFO: GET /api/fixed-amount/tax | 200 | 5ms
[2026-01-02 13:35:40] INFO: PUT /api/fixed-amount/update/pf | 200 | 25ms
[2026-01-02 13:37:03] INFO: DELETE /api/fixed-amount/delete/pf | 200 | 7ms
[2026-01-02 22:05:44] INFO: POST /api/fixed-amount/create | 201 | 96ms
[2026-01-02 22:57:38] ERROR: POST /api/bonus/festival | 500 | 67ms
[2026-01-02 22:58:14] ERROR: POST /api/bonus/festival | 500 | 50ms
[2026-01-02 23:01:05] ERROR: POST /api/bonus/festival | 500 | 116ms
[2026-01-02 23:02:06] ERROR: POST /api/bonus/festival | 500 | 61ms
[2026-01-02 23:03:22] ERROR: POST /api/bonus/festival | 500 | 41ms
[2026-01-02 23:04:42] ERROR: POST /api/bonus/festival | 500 | 68ms
[2026-01-02 23:05:19] INFO: POST /api/bonus/festival | 200 | 129ms
[2026-01-03 07:20:06] ERROR: POST /api/bonus/festival | 500 | 174ms
[2026-01-03 07:20:24] INFO: POST /api/bonus/festival | 200 | 37ms
[2026-01-03 11:20:56] WARN: POST /api/fixed-amount/set-salary | 400 | 67ms
[2026-01-03 11:24:04] INFO: POST /api/fixed-amount/set-salary | 201 | 68ms
[2026-01-03 11:25:44] INFO: POST /api/fixed-amount/set-salary | 201 | 20ms
[2026-01-03 11:28:07] WARN: POST /api/payroll-run/run | 400 | 92ms
[2026-01-03 11:30:52] WARN: POST /api/payroll-run/run | 400 | 97ms
[2026-01-03 11:32:01] WARN: POST /api/payroll-run/run | 400 | 129ms
[2026-01-03 11:33:11] WARN: POST /api/payroll-run/run | 400 | 6ms
[2026-01-03 11:33:59] WARN: POST /api/payroll-run/run | 400 | 129ms
[2026-01-03 11:35:22] WARN: POST /api/payroll-run/run | 400 | 146ms
[2026-01-03 11:36:25] WARN: POST /api/payroll-run/run | 400 | 222ms
[2026-01-03 11:38:12] INFO: POST /api/payroll-run/run | 201 | 242ms
[2026-01-03 11:42:39] INFO: POST /api/payroll-run/run | 201 | 342ms
[2026-01-03 11:46:59] INFO: POST /api/payroll-run/run | 201 | 385ms
[2026-01-03 11:56:45] INFO: POST /api/payroll-run/run | 201 | 379ms
[2026-01-03 11:59:54] INFO: POST /api/payroll-run/run | 201 | 546ms
[2026-01-03 12:04:01] INFO: POST /api/payroll-run/run | 201 | 195ms
[2026-01-03 12:06:15] INFO: POST /api/payroll-run/run | 201 | 357ms
[2026-01-03 12:08:56] WARN: POST /api/payroll-run/run | 400 | 13ms
[2026-01-03 12:09:09] INFO: POST /api/payroll-run/run | 201 | 333ms
[2026-01-03 12:09:57] WARN: POST /api/payroll-run/run | 400 | 2ms
[2026-01-03 12:10:25] INFO: POST /api/payroll-run/run | 201 | 940ms
[2026-01-03 12:17:18] INFO: POST /api/payroll-run/run | 201 | 1068ms
[2026-01-03 12:18:21] INFO: POST /api/payroll-run/run | 201 | 142ms
[2026-01-03 12:18:40] INFO: POST /api/payroll-run/run | 201 | 244ms
[2026-01-03 12:19:39] INFO: POST /api/payroll-run/run | 201 | 245ms
[2026-01-03 12:20:51] INFO: POST /api/payroll-run/run | 201 | 206ms
[2026-01-03 12:21:29] INFO: POST /api/payroll-run/run | 201 | 1251ms
[2026-01-03 12:21:53] INFO: POST /api/payroll-run/run | 201 | 195ms
[2026-01-03 12:25:00] INFO: POST /api/payroll-run/run | 201 | 451ms
[2026-01-03 12:26:16] INFO: POST /api/payroll-run/run | 201 | 197ms
[2026-01-03 12:28:28] INFO: POST /api/payroll-run/run | 201 | 276ms
[2026-01-03 12:29:25] INFO: POST /api/payroll-run/run | 201 | 1259ms
[2026-01-03 12:30:22] INFO: POST /api/payroll-run/run | 201 | 294ms
[2026-01-03 12:32:23] INFO: POST /api/payroll-run/run | 201 | 358ms
[2026-01-03 12:33:28] INFO: POST /api/payroll-run/run | 201 | 274ms
[2026-01-03 12:34:49] INFO: POST /api/payroll-run/run | 201 | 381ms
[2026-01-03 12:39:10] INFO: POST /api/payroll-run/run | 201 | 265ms
[2026-01-03 12:46:00] INFO: POST /api/payroll-run/run | 201 | 279ms
[2026-01-03 12:47:20] INFO: POST /api/payroll-run/run | 201 | 226ms
[2026-01-03 12:49:13] INFO: POST /api/payroll-run/run | 201 | 228ms
[2026-01-03 12:51:42] INFO: POST /api/payroll-run/run | 201 | 290ms
[2026-01-03 12:53:58] INFO: POST /api/payroll-run/run | 201 | 210ms
[2026-01-03 13:07:33] INFO: POST /api/deduction/calculate | 200 | 63ms
[2026-01-03 13:11:09] INFO: POST /api/payroll-run/run | 201 | 303ms
[2026-01-03 15:15:20] WARN: POST /api/payroll-run/run | 400 | 154ms
[2026-01-03 15:32:15] WARN: POST /api/payroll-run/run | 400 | 48ms
[2026-01-03 15:33:02] INFO: POST /api/payroll-run/run | 201 | 360ms
[2026-01-05 11:08:03] INFO: POST /api/fixed-amount/set-salary | 201 | 341ms
[2026-01-05 11:08:11] INFO: POST /api/fixed-amount/set-salary | 201 | 27ms
[2026-01-05 11:44:08] WARN: POST /api/payroll-run/run | 400 | 449ms
[2026-01-05 11:46:47] WARN: POST /api/payroll-run/run | 400 | 250ms
[2026-01-05 11:47:31] WARN: POST /api/payroll-run/run | 400 | 97ms
[2026-01-05 11:51:43] WARN: POST /api/payroll-run/run | 400 | 6ms
[2026-01-05 11:54:21] WARN: POST /api/payroll-run/run | 400 | 207ms
[2026-01-05 12:03:28] WARN: POST /api/payroll-run/run | 400 | 65ms
[2026-01-05 12:03:31] WARN: POST /api/payroll-run/run | 400 | 3ms
[2026-01-05 12:03:41] WARN: POST /api/payroll-run/run | 400 | 13ms
[2026-01-05 12:05:47] WARN: POST /api/payroll-run/run | 400 | 151ms
[2026-01-05 12:46:28] INFO: POST /api/payroll-run/run | 201 | 245ms
[2026-01-05 12:50:26] WARN: POST /api/payroll-run/run | 400 | 124ms
[2026-01-05 12:50:42] INFO: POST /api/payroll-run/run | 201 | 191ms
[2026-01-05 12:51:05] INFO: POST /api/payroll-run/run | 201 | 220ms
[2026-01-05 12:53:55] INFO: POST /api/payroll-run/run | 201 | 284ms
[2026-01-05 12:58:22] INFO: POST /api/payroll-run/run | 201 | 302ms
[2026-01-05 13:00:32] INFO: POST /api/payroll-run/run | 201 | 130ms
[2026-01-05 14:37:03] WARN: POST /api/payroll-run/run | 400 | 356ms
[2026-01-05 14:37:53] WARN: POST /api/payroll-run/run | 400 | 168ms
[2026-01-05 14:38:23] WARN: POST /api/payroll-run/run | 400 | 8ms
[2026-01-05 14:44:56] WARN: POST /api/payroll-run/run | 400 | 188ms
[2026-01-05 14:46:11] WARN: POST /api/payroll-run/run | 400 | 294ms
[2026-01-05 14:46:13] WARN: POST /api/payroll-run/run | 400 | 7ms
[2026-01-05 14:48:18] WARN: POST /api/payroll-run/run | 400 | 48ms
[2026-01-05 14:48:20] WARN: POST /api/payroll-run/run | 400 | 7ms
[2026-01-05 14:48:22] WARN: POST /api/payroll-run/run | 400 | 7ms
[2026-01-05 14:50:57] WARN: POST /api/payroll-run/run | 400 | 328ms
[2026-01-05 14:57:14] WARN: POST /api/payroll-run/run | 400 | 322ms
[2026-01-05 14:57:33] WARN: POST /api/payroll-run/run | 400 | 10ms
[2026-01-05 14:59:56] WARN: POST /api/payroll-run/run | 400 | 269ms
[2026-01-05 15:01:12] WARN: POST /api/payroll-run/run | 400 | 13ms
[2026-01-05 15:01:24] INFO: POST /api/payroll-run/run | 201 | 793ms
[2026-01-05 15:06:19] WARN: POST /api/payroll-run/run | 400 | 163ms
[2026-01-05 15:06:44] WARN: POST /api/payroll-run/run | 400 | 68ms
[2026-01-05 15:07:12] WARN: POST /api/payroll-run/run | 400 | 10ms
[2026-01-05 15:09:11] WARN: POST /api/payroll-run/run | 400 | 295ms
[2026-01-05 15:09:33] WARN: POST /api/payroll-run/run | 400 | 12ms
[2026-01-05 15:13:10] INFO: POST /api/payroll-run/run | 201 | 412ms
[2026-01-05 15:14:12] INFO: POST /api/payroll-run/run | 201 | 263ms
[2026-01-05 15:31:26] WARN: POST /api/bonus/festival | 401 | 11ms
[2026-01-05 15:33:41] INFO: POST /api/bonus/festival | 200 | 316ms
[2026-01-05 15:37:48] WARN: POST /api/bonus/festival | 403 | 31ms
[2026-01-05 15:39:49] ERROR: POST /api/bonus/festival | 500 | 381ms
[2026-01-05 15:54:37] INFO: POST /api/payment/manual | 200 | 189ms
[2026-01-05 15:54:43] WARN: POST /api/payment/manual | 400 | 12ms
[2026-01-05 15:54:54] INFO: POST /api/payment/manual | 200 | 40ms
[2026-01-05 15:54:57] WARN: POST /api/payment/manual | 400 | 8ms
[2026-01-05 15:55:04] WARN: POST /api/payment/manual | 400 | 9ms
[2026-01-05 15:55:47] INFO: POST /api/notification/admin-summary | 200 | 4559ms
